Arguments: 
  /home/isofttechn/.nvm/versions/node/v19.6.0/bin/node /usr/local/bin/yarn add puppeteer

PATH: 
  /home/isofttechn/.fly/bin:/home/isofttechn/.local/share/solana/install/active_release/bin:/home/isofttechn/.local/bin:/home/isofttechn/.nvm/versions/node/v19.6.0/bin:/home/isofttechn/.fly/bin:/home/isofttechn/.local/share/solana/install/active_release/bin:/home/isofttechn/.cargo/bin:/home/isofttechn/.local/bin:/usr/local/sbin:/usr/local/bin:/usr/sbin:/usr/bin:/sbin:/bin:/usr/games:/usr/local/games:/snap/bin:/snap/bin:/home/isofttechn/.config/composer/vendor/bin:/home/isofttechn/flutter/bin:/usr/lib/jvm/java-17-openjdk-amd64/bin:/usr/local/go/bin:/home/isofttechn/.config/composer/vendor/bin:/home/isofttechn/flutter/bin:/usr/lib/jvm/java-17-openjdk-amd64/bin:/usr/local/go/bin

Yarn version: 
  1.22.19

Node version: 
  19.6.0

Platform: 
  linux x64

Trace: 
  Error: getaddrinfo EAI_AGAIN registry.npmjs.org
      at GetAddrInfoReqWrap.onlookup [as oncomplete] (node:dns:107:26)

npm manifest: 
  {
    "name": "test",
    "version": "1.0.0",
    "description": "",
    "main": "facebook_group_search.js",
    "scripts": {
      "test": "echo \"Error: no test specified\" && exit 1"
    },
    "keywords": [],
    "author": "",
    "license": "ISC",
    "dependencies": {
      "axios": "^1.6.8",
      "cheerio": "^1.0.0-rc.12",
      "express": "^4.19.2",
      "facebook-node-sdk": "^0.2.0",
      "geocoder": "^0.2.3",
      "geolib": "^3.3.4"
    }
  }

yarn manifest: 
  No manifest

Lockfile: 
  No lockfile
